[debug] [2024-07-18T17:58:47.962Z] ----------------------------------------------------------------------
[debug] [2024-07-18T17:58:47.971Z] Command:       C:\Program Files\nodejs\node.exe C:\Users\New\AppData\Roaming\npm\node_modules\firebase-tools\lib\bin\firebase.js init
[debug] [2024-07-18T17:58:47.972Z] CLI Version:   13.11.4
[debug] [2024-07-18T17:58:47.973Z] Platform:      win32
[debug] [2024-07-18T17:58:47.973Z] Node Version:  v20.15.0
[debug] [2024-07-18T17:58:47.974Z] Time:          Thu Jul 18 2024 22:58:47 GMT+0500 (Pakistan Standard Time)
[debug] [2024-07-18T17:58:47.974Z] ----------------------------------------------------------------------
[debug] 
[debug] [2024-07-18T17:58:48.113Z] > command requires scopes: ["email","openid","https://www.googleapis.com/auth/cloudplatformprojects.readonly","https://www.googleapis.com/auth/firebase","https://www.googleapis.com/auth/cloud-platform"]
[debug] [2024-07-18T17:58:48.114Z] > authorizing via signed-in user (s.noorpk@gmail.com)
[info] 
     ######## #### ########  ######## ########     ###     ######  ########
     ##        ##  ##     ## ##       ##     ##  ##   ##  ##       ##
     ######    ##  ########  ######   ########  #########  ######  ######
     ##        ##  ##    ##  ##       ##     ## ##     ##       ## ##
     ##       #### ##     ## ######## ########  ##     ##  ######  ########

You're about to initialize a Firebase project in this directory:

  C:\Jawan Pakistan\noon wensite clone

Before we get started, keep in mind:

  * You are currently outside your home directory
  * You are initializing within an existing Firebase project directory

[info] 
=== Project Setup
[info] 
[info] First, let's associate this project directory with a Firebase project.
[info] You can create multiple project aliases by running firebase use --add, 
[info] but for now we'll just set up a default project.
[info] 
[debug] [2024-07-18T17:59:13.211Z] Using project from CLI flag: noon-website-clone
[debug] [2024-07-18T17:59:13.215Z] >>> [apiv2][query] GET https://firebase.googleapis.com/v1beta1/projects/noon-website-clone [none]
[debug] [2024-07-18T17:59:13.306Z] *** [apiv2] error from fetch(https://firebase.googleapis.com/v1beta1/projects/noon-website-clone, {"headers":{},"method":"GET","signal":{}}): FetchError: request to https://firebase.googleapis.com/v1beta1/projects/noon-website-clone failed, reason: getaddrinfo ENOTFOUND firebase.googleapis.com
[debug] [2024-07-18T17:59:13.307Z] Failed to make request to https://firebase.googleapis.com/v1beta1/projects/noon-website-clone (original: request to https://firebase.googleapis.com/v1beta1/projects/noon-website-clone failed, reason: getaddrinfo ENOTFOUND firebase.googleapis.com)
[debug] [2024-07-18T17:59:13.315Z] FirebaseError: Failed to make request to https://firebase.googleapis.com/v1beta1/projects/noon-website-clone
    at RetryOperation._fn (C:\Users\New\AppData\Roaming\npm\node_modules\firebase-tools\lib\apiv2.js:259:31)
    at process.processTicksAndRejections (node:internal/process/task_queues:95:5)
[error] 
[error] Error: Failed to get Firebase project noon-website-clone. Please make sure the project exists and your account has permission to access it.
